app/build/intermediates/manifest_merge_blame_file/debug/manifest-merger-blame-debug-report.txt
1<?xml version="1.0" encoding="utf-8"?>
2<manifest xmlns:android="http://schemas.android.com/apk/res/android"
3    package="com.ZulfaFirdaus_10120067_IF2"
4    android:versionCode="1"
5    android:versionName="1.0" >
6
7    <uses-sdk
8        android:minSdkVersion="28"
8-->src\main\AndroidManifest.xml
9        android:targetSdkVersion="33" />
9-->src\main\AndroidManifest.xml
10
11    <uses-permission android:name="android.permission.INTERNET" />
11-->[com.firebaseui:firebase-ui-database:8.0.0] AndroidManifest.xml:9:5-67
11-->[com.firebaseui:firebase-ui-database:8.0.0] AndroidManifest.xml:9:22-64
12    <uses-permission android:name="android.permission.ACCESS_NETWORK_STATE" />
12-->[com.google.firebase:firebase-auth:22.1.1] AndroidManifest.xml:26:5-79
12-->[com.google.firebase:firebase-auth:22.1.1] AndroidManifest.xml:26:22-76
13
14    <permission
14-->[androidx.core:core:1.9.0] AndroidManifest.xml:22:5-24:47
15        android:name="com.ZulfaFirdaus_10120067_IF2.DYNAMIC_RECEIVER_NOT_EXPORTED_PERMISSION"
15-->[androidx.core:core:1.9.0] AndroidManifest.xml:23:9-81
16        android:protectionLevel="signature" />
16-->[androidx.core:core:1.9.0] AndroidManifest.xml:24:9-44
17
18    <uses-permission android:name="com.ZulfaFirdaus_10120067_IF2.DYNAMIC_RECEIVER_NOT_EXPORTED_PERMISSION" />
18-->[androidx.core:core:1.9.0] AndroidManifest.xml:26:5-97
18-->[androidx.core:core:1.9.0] AndroidManifest.xml:26:22-94
19
20    <application
20-->src\main\AndroidManifest.xml:5:5-38:19
21        android:allowBackup="true"
21-->src\main\AndroidManifest.xml:6:9-35
22        android:appComponentFactory="androidx.core.app.CoreComponentFactory"
22-->[androidx.core:core:1.9.0] AndroidManifest.xml:28:18-86
23        android:debuggable="true"
24        android:extractNativeLibs="false"
25        android:icon="@mipmap/ic_launcher"
25-->src\main\AndroidManifest.xml:7:9-43
26        android:label="@string/app_name"
26-->src\main\AndroidManifest.xml:8:9-41
27        android:roundIcon="@mipmap/ic_launcher_round"
27-->src\main\AndroidManifest.xml:9:9-54
28        android:supportsRtl="true"
28-->src\main\AndroidManifest.xml:10:9-35
29        android:testOnly="true"
30        android:theme="@style/AppTheme" >
30-->src\main\AndroidManifest.xml:11:9-40
31        <activity
31-->src\main\AndroidManifest.xml:12:9-14:40
32            android:name="com.ZulfaFirdaus_10120067_IF2.view.activity.EditNoteActivity"
32-->src\main\AndroidManifest.xml:13:13-59
33            android:exported="false" />
33-->src\main\AndroidManifest.xml:14:13-37
34        <activity
34-->src\main\AndroidManifest.xml:15:9-17:40
35            android:name="com.ZulfaFirdaus_10120067_IF2.view.activity.RegisterActivity"
35-->src\main\AndroidManifest.xml:16:13-59
36            android:exported="false" />
36-->src\main\AndroidManifest.xml:17:13-37
37        <activity
37-->src\main\AndroidManifest.xml:18:9-20:40
38            android:name="com.ZulfaFirdaus_10120067_IF2.view.activity.LoginActivity"
38-->src\main\AndroidManifest.xml:19:13-56
39            android:exported="false" />
39-->src\main\AndroidManifest.xml:20:13-37
40        <activity
40-->src\main\AndroidManifest.xml:21:9-23:68
41            android:name="com.ZulfaFirdaus_10120067_IF2.view.activity.AddNoteActivity"
41-->src\main\AndroidManifest.xml:22:13-58
42            android:theme="@style/Theme.Toolbar.ToolBarActivity" />
42-->src\main\AndroidManifest.xml:23:13-65
43        <activity android:name="com.ZulfaFirdaus_10120067_IF2.view.activity.MainActivity" />
43-->src\main\AndroidManifest.xml:24:9-64
43-->src\main\AndroidManifest.xml:24:19-61
44        <activity
44-->src\main\AndroidManifest.xml:25:9-33:20
45            android:name="com.ZulfaFirdaus_10120067_IF2.view.activity.SplashActivity"
45-->src\main\AndroidManifest.xml:26:13-57
46            android:exported="true" >
46-->src\main\AndroidManifest.xml:27:13-36
47            <intent-filter>
47-->src\main\AndroidManifest.xml:28:13-32:29
48                <action android:name="android.intent.action.MAIN" />
48-->src\main\AndroidManifest.xml:29:17-69
48-->src\main\AndroidManifest.xml:29:25-66
49
50                <category android:name="android.intent.category.LAUNCHER" />
50-->src\main\AndroidManifest.xml:31:17-77
50-->src\main\AndroidManifest.xml:31:27-74
51            </intent-filter>
52        </activity>
53
54        <meta-data
54-->src\main\AndroidManifest.xml:35:9-37:57
55            android:name="preloaded_fonts"
55-->src\main\AndroidManifest.xml:36:13-43
56            android:resource="@array/preloaded_fonts" />
56-->src\main\AndroidManifest.xml:37:13-54
57
58        <activity
58-->[com.google.firebase:firebase-auth:22.1.1] AndroidManifest.xml:29:9-46:20
59            android:name="com.google.firebase.auth.internal.GenericIdpActivity"
59-->[com.google.firebase:firebase-auth:22.1.1] AndroidManifest.xml:30:13-80
60            android:excludeFromRecents="true"
60-->[com.google.firebase:firebase-auth:22.1.1] AndroidManifest.xml:31:13-46
61            android:exported="true"
61-->[com.google.firebase:firebase-auth:22.1.1] AndroidManifest.xml:32:13-36
62            android:launchMode="singleTask"
62-->[com.google.firebase:firebase-auth:22.1.1] AndroidManifest.xml:33:13-44
63            android:theme="@android:style/Theme.Translucent.NoTitleBar" >
63-->[com.google.firebase:firebase-auth:22.1.1] AndroidManifest.xml:34:13-72
64            <intent-filter>
64-->[com.google.firebase:firebase-auth:22.1.1] AndroidManifest.xml:35:13-45:29
65                <action android:name="android.intent.action.VIEW" />
65-->[com.google.firebase:firebase-auth:22.1.1] AndroidManifest.xml:36:17-69
65-->[com.google.firebase:firebase-auth:22.1.1] AndroidManifest.xml:36:25-66
66
67                <category android:name="android.intent.category.DEFAULT" />
67-->[com.google.firebase:firebase-auth:22.1.1] AndroidManifest.xml:38:17-76
67-->[com.google.firebase:firebase-auth:22.1.1] AndroidManifest.xml:38:27-73
68                <category android:name="android.intent.category.BROWSABLE" />
68-->[com.google.firebase:firebase-auth:22.1.1] AndroidManifest.xml:39:17-78
68-->[com.google.firebase:firebase-auth:22.1.1] AndroidManifest.xml:39:27-75
69
70                <data
70-->[com.google.firebase:firebase-auth:22.1.1] AndroidManifest.xml:41:17-44:51
71                    android:host="firebase.auth"
71-->[com.google.firebase:firebase-auth:22.1.1] AndroidManifest.xml:42:21-49
72                    android:path="/"
72-->[com.google.firebase:firebase-auth:22.1.1] AndroidManifest.xml:43:21-37
73                    android:scheme="genericidp" />
73-->[com.google.firebase:firebase-auth:22.1.1] AndroidManifest.xml:44:21-48
74            </intent-filter>
75        </activity>
76        <activity
76-->[com.google.firebase:firebase-auth:22.1.1] AndroidManifest.xml:47:9-64:20
77            android:name="com.google.firebase.auth.internal.RecaptchaActivity"
77-->[com.google.firebase:firebase-auth:22.1.1] AndroidManifest.xml:48:13-79
78            android:excludeFromRecents="true"
78-->[com.google.firebase:firebase-auth:22.1.1] AndroidManifest.xml:49:13-46
79            android:exported="true"
79-->[com.google.firebase:firebase-auth:22.1.1] AndroidManifest.xml:50:13-36
80            android:launchMode="singleTask"
80-->[com.google.firebase:firebase-auth:22.1.1] AndroidManifest.xml:51:13-44
81            android:theme="@android:style/Theme.Translucent.NoTitleBar" >
81-->[com.google.firebase:firebase-auth:22.1.1] AndroidManifest.xml:52:13-72
82            <intent-filter>
82-->[com.google.firebase:firebase-auth:22.1.1] AndroidManifest.xml:53:13-63:29
83                <action android:name="android.intent.action.VIEW" />
83-->[com.google.firebase:firebase-auth:22.1.1] AndroidManifest.xml:36:17-69
83-->[com.google.firebase:firebase-auth:22.1.1] AndroidManifest.xml:36:25-66
84
85                <category android:name="android.intent.category.DEFAULT" />
85-->[com.google.firebase:firebase-auth:22.1.1] AndroidManifest.xml:38:17-76
85-->[com.google.firebase:firebase-auth:22.1.1] AndroidManifest.xml:38:27-73
86                <category android:name="android.intent.category.BROWSABLE" />
86-->[com.google.firebase:firebase-auth:22.1.1] AndroidManifest.xml:39:17-78
86-->[com.google.firebase:firebase-auth:22.1.1] AndroidManifest.xml:39:27-75
87
88                <data
88-->[com.google.firebase:firebase-auth:22.1.1] AndroidManifest.xml:41:17-44:51
89                    android:host="firebase.auth"
89-->[com.google.firebase:firebase-auth:22.1.1] AndroidManifest.xml:42:21-49
90                    android:path="/"
90-->[com.google.firebase:firebase-auth:22.1.1] AndroidManifest.xml:43:21-37
91                    android:scheme="recaptcha" />
91-->[com.google.firebase:firebase-auth:22.1.1] AndroidManifest.xml:44:21-48
92            </intent-filter>
93        </activity>
94
95        <service
95-->[com.google.firebase:firebase-auth:22.1.1] AndroidManifest.xml:66:9-72:19
96            android:name="com.google.firebase.components.ComponentDiscoveryService"
96-->[com.google.firebase:firebase-auth:22.1.1] AndroidManifest.xml:67:13-84
97            android:directBootAware="true"
97-->[com.google.firebase:firebase-common:20.3.3] AndroidManifest.xml:34:13-43
98            android:exported="false" >
98-->[com.google.firebase:firebase-auth:22.1.1] AndroidManifest.xml:68:13-37
99            <meta-data
99-->[com.google.firebase:firebase-auth:22.1.1] AndroidManifest.xml:69:13-71:85
100                android:name="com.google.firebase.components:com.google.firebase.auth.FirebaseAuthRegistrar"
100-->[com.google.firebase:firebase-auth:22.1.1] AndroidManifest.xml:70:17-109
101                android:value="com.google.firebase.components.ComponentRegistrar" />
101-->[com.google.firebase:firebase-auth:22.1.1] AndroidManifest.xml:71:17-82
102            <meta-data
102-->[com.google.firebase:firebase-database:20.2.2] AndroidManifest.xml:31:13-33:85
103                android:name="com.google.firebase.components:com.google.firebase.database.DatabaseRegistrar"
103-->[com.google.firebase:firebase-database:20.2.2] AndroidManifest.xml:32:17-109
104                android:value="com.google.firebase.components.ComponentRegistrar" />
104-->[com.google.firebase:firebase-database:20.2.2] AndroidManifest.xml:33:17-82
105        </service>
106
107        <activity
107-->[com.google.android.gms:play-services-auth:20.6.0] AndroidManifest.xml:23:9-27:75
108            android:name="com.google.android.gms.auth.api.signin.internal.SignInHubActivity"
108-->[com.google.android.gms:play-services-auth:20.6.0] AndroidManifest.xml:24:13-93
109            android:excludeFromRecents="true"
109-->[com.google.android.gms:play-services-auth:20.6.0] AndroidManifest.xml:25:13-46
110            android:exported="false"
110-->[com.google.android.gms:play-services-auth:20.6.0] AndroidManifest.xml:26:13-37
111            android:theme="@android:style/Theme.Translucent.NoTitleBar" />
111-->[com.google.android.gms:play-services-auth:20.6.0] AndroidManifest.xml:27:13-72
112        <!--
113            Service handling Google Sign-In user revocation. For apps that do not integrate with
114            Google Sign-In, this service will never be started.
115        -->
116        <service
116-->[com.google.android.gms:play-services-auth:20.6.0] AndroidManifest.xml:33:9-37:51
117            android:name="com.google.android.gms.auth.api.signin.RevocationBoundService"
117-->[com.google.android.gms:play-services-auth:20.6.0] AndroidManifest.xml:34:13-89
118            android:exported="true"
118-->[com.google.android.gms:play-services-auth:20.6.0] AndroidManifest.xml:35:13-36
119            android:permission="com.google.android.gms.auth.api.signin.permission.REVOCATION_NOTIFICATION"
119-->[com.google.android.gms:play-services-auth:20.6.0] AndroidManifest.xml:36:13-107
120            android:visibleToInstantApps="true" />
120-->[com.google.android.gms:play-services-auth:20.6.0] AndroidManifest.xml:37:13-48
121
122        <activity
122-->[com.google.android.gms:play-services-base:18.1.0] AndroidManifest.xml:20:9-22:45
123            android:name="com.google.android.gms.common.api.GoogleApiActivity"
123-->[com.google.android.gms:play-services-base:18.1.0] AndroidManifest.xml:20:19-85
124            android:exported="false"
124-->[com.google.android.gms:play-services-base:18.1.0] AndroidManifest.xml:22:19-43
125            android:theme="@android:style/Theme.Translucent.NoTitleBar" />
125-->[com.google.android.gms:play-services-base:18.1.0] AndroidManifest.xml:21:19-78
126
127        <provider
127-->[com.google.firebase:firebase-common:20.3.3] AndroidManifest.xml:25:9-30:39
128            android:name="com.google.firebase.provider.FirebaseInitProvider"
128-->[com.google.firebase:firebase-common:20.3.3] AndroidManifest.xml:26:13-77
129            android:authorities="com.ZulfaFirdaus_10120067_IF2.firebaseinitprovider"
129-->[com.google.firebase:firebase-common:20.3.3] AndroidManifest.xml:27:13-72
130            android:directBootAware="true"
130-->[com.google.firebase:firebase-common:20.3.3] AndroidManifest.xml:28:13-43
131            android:exported="false"
131-->[com.google.firebase:firebase-common:20.3.3] AndroidManifest.xml:29:13-37
132            android:initOrder="100" />
132-->[com.google.firebase:firebase-common:20.3.3] AndroidManifest.xml:30:13-36
133
134        <meta-data
134-->[com.google.android.gms:play-services-basement:18.2.0] AndroidManifest.xml:21:9-23:69
135            android:name="com.google.android.gms.version"
135-->[com.google.android.gms:play-services-basement:18.2.0] AndroidManifest.xml:22:13-58
136            android:value="@integer/google_play_services_version" />
136-->[com.google.android.gms:play-services-basement:18.2.0] AndroidManifest.xml:23:13-66
137
138        <provider
138-->[androidx.emoji2:emoji2:1.2.0] AndroidManifest.xml:24:9-32:20
139            android:name="androidx.startup.InitializationProvider"
139-->[androidx.emoji2:emoji2:1.2.0] AndroidManifest.xml:25:13-67
140            android:authorities="com.ZulfaFirdaus_10120067_IF2.androidx-startup"
140-->[androidx.emoji2:emoji2:1.2.0] AndroidManifest.xml:26:13-68
141            android:exported="false" >
141-->[androidx.emoji2:emoji2:1.2.0] AndroidManifest.xml:27:13-37
142            <meta-data
142-->[androidx.emoji2:emoji2:1.2.0] AndroidManifest.xml:29:13-31:52
143                android:name="androidx.emoji2.text.EmojiCompatInitializer"
143-->[androidx.emoji2:emoji2:1.2.0] AndroidManifest.xml:30:17-75
144                android:value="androidx.startup" />
144-->[androidx.emoji2:emoji2:1.2.0] AndroidManifest.xml:31:17-49
145            <meta-data
145-->[androidx.lifecycle:lifecycle-process:2.6.1] AndroidManifest.xml:29:13-31:52
146                android:name="androidx.lifecycle.ProcessLifecycleInitializer"
146-->[androidx.lifecycle:lifecycle-process:2.6.1] AndroidManifest.xml:30:17-78
147                android:value="androidx.startup" />
147-->[androidx.lifecycle:lifecycle-process:2.6.1] AndroidManifest.xml:31:17-49
148            <meta-data
148-->[androidx.profileinstaller:profileinstaller:1.3.0] AndroidManifest.xml:29:13-31:52
149                android:name="androidx.profileinstaller.ProfileInstallerInitializer"
149-->[androidx.profileinstaller:profileinstaller:1.3.0] AndroidManifest.xml:30:17-85
150                android:value="androidx.startup" />
150-->[androidx.profileinstaller:profileinstaller:1.3.0] AndroidManifest.xml:31:17-49
151        </provider>
152
153        <uses-library
153-->[androidx.window:window:1.0.0] AndroidManifest.xml:25:9-27:40
154            android:name="androidx.window.extensions"
154-->[androidx.window:window:1.0.0] AndroidManifest.xml:26:13-54
155            android:required="false" />
155-->[androidx.window:window:1.0.0] AndroidManifest.xml:27:13-37
156        <uses-library
156-->[androidx.window:window:1.0.0] AndroidManifest.xml:28:9-30:40
157            android:name="androidx.window.sidecar"
157-->[androidx.window:window:1.0.0] AndroidManifest.xml:29:13-51
158            android:required="false" />
158-->[androidx.window:window:1.0.0] AndroidManifest.xml:30:13-37
159
160        <receiver
160-->[androidx.profileinstaller:profileinstaller:1.3.0] AndroidManifest.xml:34:9-52:20
161            android:name="androidx.profileinstaller.ProfileInstallReceiver"
161-->[androidx.profileinstaller:profileinstaller:1.3.0] AndroidManifest.xml:35:13-76
162            android:directBootAware="false"
162-->[androidx.profileinstaller:profileinstaller:1.3.0] AndroidManifest.xml:36:13-44
163            android:enabled="true"
163-->[androidx.profileinstaller:profileinstaller:1.3.0] AndroidManifest.xml:37:13-35
164            android:exported="true"
164-->[androidx.profileinstaller:profileinstaller:1.3.0] AndroidManifest.xml:38:13-36
165            android:permission="android.permission.DUMP" >
165-->[androidx.profileinstaller:profileinstaller:1.3.0] AndroidManifest.xml:39:13-57
166            <intent-filter>
166-->[androidx.profileinstaller:profileinstaller:1.3.0] AndroidManifest.xml:40:13-42:29
167                <action android:name="androidx.profileinstaller.action.INSTALL_PROFILE" />
167-->[androidx.profileinstaller:profileinstaller:1.3.0] AndroidManifest.xml:41:17-91
167-->[androidx.profileinstaller:profileinstaller:1.3.0] AndroidManifest.xml:41:25-88
168            </intent-filter>
169            <intent-filter>
169-->[androidx.profileinstaller:profileinstaller:1.3.0] AndroidManifest.xml:43:13-45:29
170                <action android:name="androidx.profileinstaller.action.SKIP_FILE" />
170-->[androidx.profileinstaller:profileinstaller:1.3.0] AndroidManifest.xml:44:17-85
170-->[androidx.profileinstaller:profileinstaller:1.3.0] AndroidManifest.xml:44:25-82
171            </intent-filter>
172            <intent-filter>
172-->[androidx.profileinstaller:profileinstaller:1.3.0] AndroidManifest.xml:46:13-48:29
173                <action android:name="androidx.profileinstaller.action.SAVE_PROFILE" />
173-->[androidx.profileinstaller:profileinstaller:1.3.0] AndroidManifest.xml:47:17-88
173-->[androidx.profileinstaller:profileinstaller:1.3.0] AndroidManifest.xml:47:25-85
174            </intent-filter>
175            <intent-filter>
175-->[androidx.profileinstaller:profileinstaller:1.3.0] AndroidManifest.xml:49:13-51:29
176                <action android:name="androidx.profileinstaller.action.BENCHMARK_OPERATION" />
176-->[androidx.profileinstaller:profileinstaller:1.3.0] AndroidManifest.xml:50:17-95
176-->[androidx.profileinstaller:profileinstaller:1.3.0] AndroidManifest.xml:50:25-92
177            </intent-filter>
178        </receiver>
179    </application>
180
181</manifest>